Number of triangles : 99712
Number of edges : 149568
Number of vertices : 49858
begin | erasing : 19801-30325
######## Iteration 0########
30325 -> 19801
mid 1 | erasing : 19801-21448
mid 1 | erasing : 19801-21447
mid 1 | erasing : 19801-30284
mid 1 | erasing : 19801-19871
mid 1 | erasing : 19801-30283
mid 1 | erasing : 19801-19870
mid 1 | erasing : 19801-19804
mid 1 | erasing : 19801-19803
mid 1 | erasing : 19801-19802
mid 2 | erasing : 19872-30325
mid 2 | erasing : 30325-30326
mid 2 | erasing : 30322-30325
mid 2 | erasing : 19870-30325
mid 2 | erasing : 30323-30325
mid 2 | erasing : 30284-30325
mid 2 | erasing : 30279-30325
mid 3 | inserting : 19801-30279
mid 3 | inserting : 19801-30323
mid 3 | inserting : 19801-19802
mid 3 | inserting : 19801-19803
mid 3 | inserting : 19801-19804
mid 3 | inserting : 19801-19870
mid 3 | inserting : 19801-19871
mid 3 | inserting : 19801-30284
mid 3 | inserting : 19801-21447
mid 3 | inserting : 19801-30326
mid 3 | inserting : 19801-30322
mid 3 | inserting : 19801-21448
mid 3 | inserting : 19801-30325
mid 3 | inserting : 19801-30283
mid 3 | inserting : 19801-19872
removing from the map : 19801-30325
Edge 19801-19872 qui est dans la map mais pas dans le set
