Number of triangles : 99712
Number of edges : 149568
Number of vertices : 49858
Edge 19801-27368 (1.04576e-13)  qui est dans la map mais pas dans le set
candidate : 19801 28521 (-254.614) 
candidate : 19801 27319 (-231.804) 
candidate : 19801 27322 (-78.452) 
candidate : 27368 27375 (-0.335486) 
candidate : 19801 27359 (-5.63271e-13) 
candidate : 19801 27355 (-nan) 
candidate : 19801 27369 (-230.747) 
candidate : 19801 27375 (-156.122) 
candidate : 19801 21448 (-1.88917e-13) 
candidate : 19801 23494 (-38.1203) 
candidate : 19801 23447 (-31.7582) 
candidate : 19801 27265 (-nan) 
candidate : 19801 30323 (0) 
candidate : 19801 28525 (1.04576e-13) 
candidate : 19801 27368 (1.04576e-13) 
Edge 19801-28521 (-254.614)  qui est dans la map mais pas dans le set
candidate : 28521 28527 (-0.476336) 
candidate : 28520 28521 (-0.321585) 
candidate : 28521 28537 (-0.302718) 
candidate : 28521 28530 (-0.168246) 
candidate : 28521 28522 (-0.137243) 
candidate : 28519 28521 (-0.136316) 
candidate : 28521 28526 (-0.107795) 
candidate : 19801 27355 (-nan) 
candidate : 19801 27369 (-230.747) 
candidate : 19801 27375 (-156.122) 
candidate : 19801 23494 (-38.1203) 
candidate : 19801 23447 (-31.7582) 
candidate : 19801 27265 (-nan) 
candidate : 19801 30323 (0) 
candidate : 19801 28525 (1.04576e-13) 
candidate : 19801 27368 (1.04576e-13) 
result
number of vertices : 49813
number of triangles : 99622
